# JRE version: Java(TM) SE Runtime Environment (21.0.3+7) (build 21.0.3+7-LTS-152)
# Java VM: Java HotSpot(TM) 64-Bit Server VM (21.0.3+7-LTS-152, mixed mode, emulated-client, sharing, tiered, compressed oops, compressed class ptrs, g1 gc, windows-amd64)
GC Precious Log:
 CardTable entry size: 512
 Card Set container configuration: InlinePtr #cards 5 size 8 Array Of Cards #cards 12 size 40 Howl #buckets 4 coarsen threshold 1843 Howl Bitmap #cards 512 size 80 coarsen threshold 460 Card regions per heap region 1 cards per card region 2048
 CPUs: 8 total, 8 available
 Memory: 7957M
 Large Page Support: Disabled
 NUMA Support: Disabled
 Compressed Oops: Enabled (32-bit)
 Heap Region Size: 1M
 Heap Min Capacity: 8M
 Heap Initial Capacity: 126M
 Heap Max Capacity: 1990M
 Pre-touch: Disabled
 Parallel Workers: 8
 Concurrent Workers: 2
 Concurrent Refinement Workers: 8
 Periodic GC: Disabled
Heap:
 garbage-first heap   total 73728K, used 44296K [0x0000000083a00000, 0x0000000100000000)
  region size 1024K, 17 young (17408K), 5 survivors (5120K)
 Metaspace       used 67107K, committed 67904K, reserved 1114112K
  class space    used 9558K, committed 9920K, reserved 1048576K
GC Heap History (20 events):
Event: 5.496 GC heap before
{Heap before GC invocations=8 (full 0):
 garbage-first heap   total 61440K, used 23947K [0x0000000083a00000, 0x0000000100000000)
  region size 1024K, 8 young (8192K), 5 survivors (5120K)
 Metaspace       used 33351K, committed 33920K, reserved 1114112K
  class space    used 4539K, committed 4800K, reserved 1048576K
}
Event: 5.514 GC heap after
{Heap after GC invocations=9 (full 0):
 garbage-first heap   total 61440K, used 22507K [0x0000000083a00000, 0x0000000100000000)
  region size 1024K, 1 young (1024K), 1 survivors (1024K)
 Metaspace       used 33351K, committed 33920K, reserved 1114112K
  class space    used 4539K, committed 4800K, reserved 1048576K
}
Event: 6.946 GC heap before
{Heap before GC invocations=10 (full 0):
 garbage-first heap   total 61440K, used 52203K [0x0000000083a00000, 0x0000000100000000)
  region size 1024K, 30 young (30720K), 1 survivors (1024K)
 Metaspace       used 40395K, committed 40960K, reserved 1114112K
  class space    used 5585K, committed 5824K, reserved 1048576K
}
Event: 6.952 GC heap after
{Heap after GC invocations=11 (full 0):
 garbage-first heap   total 61440K, used 23438K [0x0000000083a00000, 0x0000000100000000)
  region size 1024K, 2 young (2048K), 2 survivors (2048K)
 Metaspace       used 40395K, committed 40960K, reserved 1114112K
  class space    used 5585K, committed 5824K, reserved 1048576K
}
Event: 8.376 GC heap before
{Heap before GC invocations=11 (full 0):
 garbage-first heap   total 61440K, used 53134K [0x0000000083a00000, 0x0000000100000000)
  region size 1024K, 31 young (31744K), 2 survivors (2048K)
 Metaspace       used 46219K, committed 46848K, reserved 1114112K
  class space    used 6321K, committed 6592K, reserved 1048576K
}
Event: 8.390 GC heap after
{Heap after GC invocations=12 (full 0):
 garbage-first heap   total 61440K, used 24768K [0x0000000083a00000, 0x0000000100000000)
  region size 1024K, 4 young (4096K), 4 survivors (4096K)
 Metaspace       used 46219K, committed 46848K, reserved 1114112K
  class space    used 6321K, committed 6592K, reserved 1048576K
}
Event: 9.276 GC heap before
{Heap before GC invocations=12 (full 0):
 garbage-first heap   total 61440K, used 52416K [0x0000000083a00000, 0x0000000100000000)
  region size 1024K, 32 young (32768K), 4 survivors (4096K)
 Metaspace       used 52964K, committed 53632K, reserved 1114112K
  class space    used 7456K, committed 7744K, reserved 1048576K
}
Event: 9.286 GC heap after
{Heap after GC invocations=13 (full 0):
 garbage-first heap   total 61440K, used 25960K [0x0000000083a00000, 0x0000000100000000)
  region size 1024K, 3 young (3072K), 3 survivors (3072K)
 Metaspace       used 52964K, committed 53632K, reserved 1114112K
  class space    used 7456K, committed 7744K, reserved 1048576K
}
Event: 9.773 GC heap before
{Heap before GC invocations=13 (full 0):
 garbage-first heap   total 61440K, used 43368K [0x0000000083a00000, 0x0000000100000000)
  region size 1024K, 21 young (21504K), 3 survivors (3072K)
 Metaspace       used 56251K, committed 56896K, reserved 1114112K
  class space    used 7974K, committed 8256K, reserved 1048576K
}
Event: 9.782 GC heap after
{Heap after GC invocations=14 (full 0):
 garbage-first heap   total 61440K, used 26642K [0x0000000083a00000, 0x0000000100000000)
  region size 1024K, 2 young (2048K), 2 survivors (2048K)
 Metaspace       used 56251K, committed 56896K, reserved 1114112K
  class space    used 7974K, committed 8256K, reserved 1048576K
}
Event: 14.917 GC heap before
{Heap before GC invocations=15 (full 0):
 garbage-first heap   total 61440K, used 55314K [0x0000000083a00000, 0x0000000100000000)
  region size 1024K, 30 young (30720K), 2 survivors (2048K)
 Metaspace       used 60310K, committed 61056K, reserved 1114112K
  class space    used 8567K, committed 8896K, reserved 1048576K
}
Event: 14.931 GC heap after
{Heap after GC invocations=16 (full 0):
 garbage-first heap   total 73728K, used 28634K [0x0000000083a00000, 0x0000000100000000)
  region size 1024K, 4 young (4096K), 4 survivors (4096K)
 Metaspace       used 60310K, committed 61056K, reserved 1114112K
  class space    used 8567K, committed 8896K, reserved 1048576K
}
Event: 18.264 GC heap before
{Heap before GC invocations=16 (full 0):
 garbage-first heap   total 73728K, used 63450K [0x0000000083a00000, 0x0000000100000000)
  region size 1024K, 38 young (38912K), 4 survivors (4096K)
 Metaspace       used 60311K, committed 61056K, reserved 1114112K
  class space    used 8567K, committed 8896K, reserved 1048576K
}
Event: 18.278 GC heap after
{Heap after GC invocations=17 (full 0):
 garbage-first heap   total 73728K, used 28059K [0x0000000083a00000, 0x0000000100000000)
  region size 1024K, 3 young (3072K), 3 survivors (3072K)
 Metaspace       used 60311K, committed 61056K, reserved 1114112K
  class space    used 8567K, committed 8896K, reserved 1048576K
}
Event: 36.727 GC heap before
{Heap before GC invocations=17 (full 0):
 garbage-first heap   total 73728K, used 64923K [0x0000000083a00000, 0x0000000100000000)
  region size 1024K, 39 young (39936K), 3 survivors (3072K)
 Metaspace       used 60311K, committed 61056K, reserved 1114112K
  class space    used 8567K, committed 8896K, reserved 1048576K
}
Event: 36.737 GC heap after
{Heap after GC invocations=18 (full 0):
 garbage-first heap   total 73728K, used 28205K [0x0000000083a00000, 0x0000000100000000)
  region size 1024K, 3 young (3072K), 3 survivors (3072K)
 Metaspace       used 60311K, committed 61056K, reserved 1114112K
  class space    used 8567K, committed 8896K, reserved 1048576K
}
Event: 37.445 GC heap before
{Heap before GC invocations=18 (full 0):
 garbage-first heap   total 73728K, used 65069K [0x0000000083a00000, 0x0000000100000000)
  region size 1024K, 39 young (39936K), 3 survivors (3072K)
 Metaspace       used 61875K, committed 62592K, reserved 1114112K
  class space    used 8778K, committed 9088K, reserved 1048576K
}
Event: 37.452 GC heap after
{Heap after GC invocations=19 (full 0):
 garbage-first heap   total 73728K, used 29986K [0x0000000083a00000, 0x0000000100000000)
  region size 1024K, 5 young (5120K), 5 survivors (5120K)
 Metaspace       used 61875K, committed 62592K, reserved 1114112K
  class space    used 8778K, committed 9088K, reserved 1048576K
}
Event: 38.988 GC heap before
{Heap before GC invocations=20 (full 0):
 garbage-first heap   total 73728K, used 62754K [0x0000000083a00000, 0x0000000100000000)
  region size 1024K, 37 young (37888K), 5 survivors (5120K)
 Metaspace       used 66085K, committed 66880K, reserved 1114112K
  class space    used 9411K, committed 9792K, reserved 1048576K
}
Event: 39.000 GC heap after
{Heap after GC invocations=21 (full 0):
 garbage-first heap   total 73728K, used 33032K [0x0000000083a00000, 0x0000000100000000)
  region size 1024K, 5 young (5120K), 5 survivors (5120K)
 Metaspace       used 66085K, committed 66880K, reserved 1114112K
  class space    used 9411K, committed 9792K, reserved 1048576K
}

